#0 building with "default" instance using docker driver

#1 [internal] load build definition from Dockerfile
#1 transferring dockerfile: 1.38kB done
#1 DONE 0.0s

#2 [internal] load metadata for docker.io/library/gradle:8.5-jdk21
#2 ...

#3 [auth] library/gradle:pull token for registry-1.docker.io
#3 DONE 0.0s

#4 [auth] library/eclipse-temurin:pull token for registry-1.docker.io
#4 DONE 0.0s

#5 [internal] load metadata for docker.io/library/eclipse-temurin:21-jre-alpine
#5 ...

#2 [internal] load metadata for docker.io/library/gradle:8.5-jdk21
#2 DONE 2.0s

#5 [internal] load metadata for docker.io/library/eclipse-temurin:21-jre-alpine
#5 DONE 2.0s

#6 [internal] load .dockerignore
#6 transferring context: 539B done
#6 DONE 0.0s

#7 [build 1/6] FROM docker.io/library/gradle:8.5-jdk21@sha256:873def2b8a73d00f5616043ac9ff65576b055942701391ad66499f1a1f53f1b2
#7 DONE 0.0s

#8 [stage-1 1/5] FROM docker.io/library/eclipse-temurin:21-jre-alpine@sha256:4ca7eff3ab0ef9b41f5fefa35efaeda9ed8d26e161e1192473b24b3a6c348aef
#8 DONE 0.0s

#9 [stage-1 2/5] RUN addgroup -S appuser && adduser -S appuser -G appuser
#9 CACHED

#10 [stage-1 3/5] WORKDIR /app
#10 CACHED

#11 [internal] load build context
#11 transferring context: 525.72kB 0.1s done
#11 DONE 0.1s

#12 [build 2/6] WORKDIR /app
#12 CACHED

#13 [build 3/6] COPY build.gradle settings.gradle gradlew ./
#13 DONE 0.2s

#14 [build 4/6] COPY gradle gradle
#14 DONE 0.1s

#15 [build 5/6] COPY src src
#15 DONE 0.3s

#16 [build 6/6] RUN ./gradlew build -x test --no-daemon
#16 2.185 Downloading https://services.gradle.org/distributions/gradle-8.14.3-bin.zip
#16 22.66 
#16 22.66 Exception in thread "main" java.net.UnknownHostException: services.gradle.org
#16 22.66 	at java.base/sun.nio.ch.NioSocketImpl.connect(NioSocketImpl.java:567)
#16 22.66 	at java.base/java.net.SocksSocketImpl.connect(SocksSocketImpl.java:327)
#16 22.66 	at java.base/java.net.Socket.connect(Socket.java:751)
#16 22.66 	at java.base/sun.security.ssl.SSLSocketImpl.connect(SSLSocketImpl.java:304)
#16 22.66 	at java.base/sun.net.NetworkClient.doConnect(NetworkClient.java:178)
#16 22.66 	at java.base/sun.net.www.http.HttpClient.openServer(HttpClient.java:531)
#16 22.66 	at java.base/sun.net.www.http.HttpClient.openServer(HttpClient.java:636)
#16 22.66 	at java.base/sun.net.www.protocol.https.HttpsClient.<init>(HttpsClient.java:264)
#16 22.66 	at java.base/sun.net.www.protocol.https.HttpsClient.New(HttpsClient.java:377)
#16 22.66 	at java.base/sun.net.www.protocol.https.AbstractDelegateHttpsURLConnection.getNewHttpClient(AbstractDelegateHttpsURLConnection.java:193)
#16 22.66 	at java.base/sun.net.www.protocol.http.HttpURLConnection.plainConnect0(HttpURLConnection.java:1237)
#16 22.66 	at java.base/sun.net.www.protocol.http.HttpURLConnection.plainConnect(HttpURLConnection.java:1123)
#16 22.66 	at java.base/sun.net.www.protocol.https.AbstractDelegateHttpsURLConnection.connect(AbstractDelegateHttpsURLConnection.java:179)
#16 22.66 	at java.base/sun.net.www.protocol.http.HttpURLConnection.getInputStream0(HttpURLConnection.java:1675)
#16 22.66 	at java.base/sun.net.www.protocol.http.HttpURLConnection.getInputStream(HttpURLConnection.java:1599)
#16 22.66 	at java.base/sun.net.www.protocol.https.HttpsURLConnectionImpl.getInputStream(HttpsURLConnectionImpl.java:223)
#16 22.66 	at org.gradle.wrapper.Install.forceFetch(SourceFile:2)
#16 22.66 	at org.gradle.wrapper.Install$1.call(SourceFile:8)
#16 22.66 	at org.gradle.wrapper.GradleWrapperMain.main(SourceFile:67)
#16 ERROR: process "/bin/sh -c ./gradlew build -x test --no-daemon" did not complete successfully: exit code: 1
------
 > [build 6/6] RUN ./gradlew build -x test --no-daemon:
22.66 	at java.base/sun.net.www.protocol.https.AbstractDelegateHttpsURLConnection.getNewHttpClient(AbstractDelegateHttpsURLConnection.java:193)
22.66 	at java.base/sun.net.www.protocol.http.HttpURLConnection.plainConnect0(HttpURLConnection.java:1237)
22.66 	at java.base/sun.net.www.protocol.http.HttpURLConnection.plainConnect(HttpURLConnection.java:1123)
22.66 	at java.base/sun.net.www.protocol.https.AbstractDelegateHttpsURLConnection.connect(AbstractDelegateHttpsURLConnection.java:179)
22.66 	at java.base/sun.net.www.protocol.http.HttpURLConnection.getInputStream0(HttpURLConnection.java:1675)
22.66 	at java.base/sun.net.www.protocol.http.HttpURLConnection.getInputStream(HttpURLConnection.java:1599)
22.66 	at java.base/sun.net.www.protocol.https.HttpsURLConnectionImpl.getInputStream(HttpsURLConnectionImpl.java:223)
22.66 	at org.gradle.wrapper.Install.forceFetch(SourceFile:2)
22.66 	at org.gradle.wrapper.Install$1.call(SourceFile:8)
22.66 	at org.gradle.wrapper.GradleWrapperMain.main(SourceFile:67)
------
Dockerfile:15
--------------------
  13 |     
  14 |     # Construire l'application
  15 | >>> RUN ./gradlew build -x test --no-daemon
  16 |     
  17 |     # Stage de production avec une image JRE plus légère
--------------------
ERROR: failed to build: failed to solve: process "/bin/sh -c ./gradlew build -x test --no-daemon" did not complete successfully: exit code: 1
